\BOOKMARK [1][-]{section.1}{\376\377\225\356\230\230\122\006\147\220}{}% 1
\BOOKMARK [1][-]{section.2}{\376\377\166\370\121\163\135\345\117\134\214\003\170\024}{}% 2
\BOOKMARK [2][-]{subsection.2.1}{\376\377\213\355\116\111\122\006\122\162}{section.2}% 3
\BOOKMARK [3][-]{subsubsection.2.1.1}{\376\377\127\372\116\216\000C\000N\000N\166\204\213\355\116\111\122\006\122\162}{subsection.2.1}% 4
\BOOKMARK [3][-]{subsubsection.2.1.2}{\376\377\127\372\116\216\000T\000r\000a\000n\000s\000f\000o\000r\000m\000e\000r\166\204\213\355\116\111\122\006\122\162}{subsection.2.1}% 5
\BOOKMARK [2][-]{subsection.2.2}{\376\377\133\236\145\366\213\355\116\111\122\006\122\162}{section.2}% 6
\BOOKMARK [3][-]{subsubsection.2.2.1}{\376\377\232\330\145\110\177\026\170\001\126\150\000-\211\343\170\001\126\150\176\323\147\204}{subsection.2.2}% 7
\BOOKMARK [3][-]{subsubsection.2.2.2}{\376\377\131\032\122\006\145\057\176\323\147\204}{subsection.2.2}% 8
\BOOKMARK [2][-]{subsection.2.3}{\376\377\116\272\120\317\122\006\122\162}{section.2}% 9
\BOOKMARK [1][-]{section.3}{\376\377\145\271\150\110}{}% 10
\BOOKMARK [2][-]{subsection.3.1}{\376\377\123\315\217\154\153\213\135\356\127\127}{section.3}% 11
\BOOKMARK [2][-]{subsection.3.2}{\376\377\173\200\123\026\200\132\124\010\221\321\133\127\130\124\154\140\123\026\152\041\127\127\000\050\000S\000A\000P\000P\000M\000\051}{section.3}% 12
\BOOKMARK [2][-]{subsection.3.3}{\376\377\155\101\133\371\237\120\000-\154\350\141\017\122\233\207\215\124\010\152\041\127\127}{section.3}% 13
\BOOKMARK [3][-]{subsubsection.3.3.1}{\376\377\213\276\213\241\122\250\147\072}{subsection.3.3}% 14
\BOOKMARK [3][-]{subsubsection.3.3.2}{\376\377\152\041\127\127\176\306\202\202}{subsection.3.3}% 15
\BOOKMARK [2][-]{subsection.3.4}{\376\377\124\016\131\004\164\006\152\041\127\127}{section.3}% 16
\BOOKMARK [3][-]{subsubsection.3.4.1}{\376\377\126\376\120\317\166\204\124\016\131\004\164\006\144\315\117\134}{subsection.3.4}% 17
\BOOKMARK [3][-]{subsubsection.3.4.2}{\376\377\121\111\155\101\154\325\144\315\117\134}{subsection.3.4}% 18
\BOOKMARK [2][-]{subsection.3.5}{\376\377\177\121\176\334\176\323\147\204}{section.3}% 19
\BOOKMARK [2][-]{subsection.3.6}{\376\377\213\255\176\303\142\200\135\347}{section.3}% 20
\BOOKMARK [1][-]{section.4}{\376\377\133\236\232\214\116\016\117\030\123\026\217\307\172\013}{}% 21
\BOOKMARK [2][-]{subsection.4.1}{\376\377\117\030\123\026\140\035\215\357}{section.4}% 22
\BOOKMARK [2][-]{subsection.4.2}{\376\377\145\160\143\156\226\306}{section.4}% 23
\BOOKMARK [2][-]{subsection.4.3}{\376\377\133\236\163\260\176\306\202\202}{section.4}% 24
\BOOKMARK [2][-]{subsection.4.4}{\376\377\176\323\147\234\133\371\153\324}{section.4}% 25
\BOOKMARK [3][-]{subsubsection.4.4.1}{\376\377\116\016\121\166\116\326\133\236\145\366\122\006\122\162\152\041\127\213\166\204\153\324\217\203}{subsection.4.4}% 26
\BOOKMARK [3][-]{subsubsection.4.4.2}{\376\377\116\016\121\166\116\326\116\272\120\317\122\006\122\162\152\041\127\213\166\204\153\324\217\203}{subsection.4.4}% 27
\BOOKMARK [2][-]{subsection.4.5}{\376\377\116\012\116\013\145\207\152\041\127\127\166\204\220\011\142\351}{section.4}% 28
\BOOKMARK [2][-]{subsection.4.6}{\376\377\162\171\137\201\207\215\124\010\152\041\127\127\166\204\220\011\142\351}{section.4}% 29
\BOOKMARK [2][-]{subsection.4.7}{\376\377\155\210\207\215\133\236\232\214}{section.4}% 30
\BOOKMARK [2][-]{subsection.4.8}{\376\377\213\255\176\303\142\200\135\347\166\204\137\161\124\315}{section.4}% 31
\BOOKMARK [2][-]{subsection.4.9}{\376\377\215\350\127\337\200\375\122\233}{section.4}% 32
\BOOKMARK [2][-]{subsection.4.10}{\376\377\121\166\116\326\133\236\232\214}{section.4}% 33
\BOOKMARK [1][-]{section.5}{\376\377\176\323\213\272}{}% 34
\BOOKMARK [2][-]{subsection.5.1}{\376\377\152\041\127\213\145\110\147\234\134\125\171\072}{section.5}% 35
\BOOKMARK [2][-]{subsection.5.2}{\376\377\123\357\142\147\210\114\116\343\170\001\147\204\142\020}{section.5}% 36
\BOOKMARK [2][-]{subsection.5.3}{\376\377\140\073\176\323\116\016\134\125\147\033}{section.5}% 37
